<?xml version="1.0" encoding="UTF-8"?>
<testsuite xmlns:xsi="http://www.w3.org/2001/XMLSchema-instance" xsi:noNamespaceSchemaLocation="https://maven.apache.org/surefire/maven-surefire-plugin/xsd/surefire-test-report.xsd" name="com.vtxlab.AppTest" time="0.046" tests="1" errors="0" skipped="0" failures="0">
  <properties>
    <property name="java.specification.version" value="17"/>
    <property name="sun.cpu.isalist" value="amd64"/>
    <property name="sun.jnu.encoding" value="GBK"/>
    <property name="java.class.path" value="C:\Users\陈。。。\Desktop\bootcamp\SpringBoot\springboot-dto\target\test-classes;C:\Users\陈。。。\Desktop\bootcamp\SpringBoot\springboot-dto\target\classes;C:\Users\陈。。。\.m2\repository\junit\junit\4.11\junit-4.11.jar;C:\Users\陈。。。\.m2\repository\org\hamcrest\hamcrest-core\1.3\hamcrest-core-1.3.jar;"/>
    <property name="java.vm.vendor" value="Azul Systems, Inc."/>
    <property name="sun.arch.data.model" value="64"/>
    <property name="user.variant" value=""/>
    <property name="java.vendor.url" value="http://www.azul.com/"/>
    <property name="user.timezone" value="Asia/Shanghai"/>
    <property name="os.name" value="Windows 10"/>
    <property name="java.vm.specification.version" value="17"/>
    <property name="sun.java.launcher" value="SUN_STANDARD"/>
    <property name="user.country" value="CN"/>
    <property name="sun.boot.library.path" value="F:\java\software\JDK17\zulu17.46.19-ca-jdk17.0.9-win_x64\bin"/>
    <property name="sun.java.command" value="C:\Users\陈。。。\AppData\Local\Temp\surefire17667401570773261197\surefirebooter18070649178006196355.jar C:\Users\陈。。。\AppData\Local\Temp\surefire17667401570773261197 2024-02-05T15-06-40_087-jvmRun1 surefire12419031816654192466tmp surefire_015994549522351512436tmp"/>
    <property name="jdk.debug" value="release"/>
    <property name="surefire.test.class.path" value="C:\Users\陈。。。\Desktop\bootcamp\SpringBoot\springboot-dto\target\test-classes;C:\Users\陈。。。\Desktop\bootcamp\SpringBoot\springboot-dto\target\classes;C:\Users\陈。。。\.m2\repository\junit\junit\4.11\junit-4.11.jar;C:\Users\陈。。。\.m2\repository\org\hamcrest\hamcrest-core\1.3\hamcrest-core-1.3.jar;"/>
    <property name="sun.cpu.endian" value="little"/>
    <property name="user.home" value="C:\Users\陈。。。"/>
    <property name="user.language" value="zh"/>
    <property name="java.specification.vendor" value="Oracle Corporation"/>
    <property name="java.version.date" value="2023-10-17"/>
    <property name="java.home" value="F:\java\software\JDK17\zulu17.46.19-ca-jdk17.0.9-win_x64"/>
    <property name="file.separator" value="\"/>
    <property name="basedir" value="C:\Users\陈。。。\Desktop\bootcamp\SpringBoot\springboot-dto"/>
    <property name="java.vm.compressedOopsMode" value="Zero based"/>
    <property name="line.separator" value="&#10;"/>
    <property name="java.vm.specification.vendor" value="Oracle Corporation"/>
    <property name="java.specification.name" value="Java Platform API Specification"/>
    <property name="surefire.real.class.path" value="C:\Users\陈。。。\AppData\Local\Temp\surefire17667401570773261197\surefirebooter18070649178006196355.jar"/>
    <property name="user.script" value=""/>
    <property name="sun.management.compiler" value="HotSpot 64-Bit Tiered Compilers"/>
    <property name="java.runtime.version" value="17.0.9+8-LTS"/>
    <property name="user.name" value="陈。。。"/>
    <property name="path.separator" value=";"/>
    <property name="os.version" value="10.0"/>
    <property name="java.runtime.name" value="OpenJDK Runtime Environment"/>
    <property name="file.encoding" value="GBK"/>
    <property name="java.vm.name" value="OpenJDK 64-Bit Server VM"/>
    <property name="java.vendor.version" value="Zulu17.46+19-CA"/>
    <property name="localRepository" value="C:\Users\陈。。。\.m2\repository"/>
    <property name="java.vendor.url.bug" value="http://www.azul.com/support/"/>
    <property name="java.io.tmpdir" value="C:\Users\陈。。。\AppData\Local\Temp\"/>
    <property name="java.version" value="17.0.9"/>
    <property name="user.dir" value="C:\Users\陈。。。\Desktop\bootcamp\SpringBoot\springboot-dto"/>
    <property name="os.arch" value="amd64"/>
    <property name="java.vm.specification.name" value="Java Virtual Machine Specification"/>
    <property name="sun.os.patch.level" value=""/>
    <property name="native.encoding" value="GBK"/>
    <property name="java.library.path" value="F:\java\software\JDK17\zulu17.46.19-ca-jdk17.0.9-win_x64\bin;C:\WINDOWS\Sun\Java\bin;C:\WINDOWS\system32;C:\WINDOWS;C:\Users\陈。。。\bin;F:\java\software\git\Git\mingw64\bin;F:\java\software\git\Git\usr\local\bin;F:\java\software\git\Git\usr\bin;F:\java\software\git\Git\usr\bin;F:\java\software\git\Git\mingw64\bin;F:\java\software\git\Git\usr\bin;C:\Users\陈。。。\bin;C:\ProgramData\Oracle\Java\javapath;C:\WINDOWS\System32\OpenSSH;C:\WINDOWS\system32;C:\WINDOWS;C:\WINDOWS\System32\Wbem;C:\WINDOWS\System32\WindowsPowerShell\v1.0;F:\java\MySQL\mysql-8.0.29-winx64\bin;F:\java\software\Tomcat\apache-tomcat-9.0.65\bin;C:\Program Files\nodejs;F:\java\software\git\Git\cmd;F:\java\software\git\Git\usr\bin;F:\java\software\VSCodeUserSetup\Microsoft VS Code\bin;F:\java\software\JDK17\zulu17.46.19-ca-jdk17.0.9-win_x64\bin;F:\java\software\Maven\apache-maven-3.9.5\bin;C:\Users\陈。。。\AppData\Local\Microsoft\WindowsApps;C:\Users\陈。。。\AppData\Roaming\npm;E:\学习软件\Anki\lib\PyQt5;F:\java\software\VSCodeUserSetup\Microsoft VS Code\bin;F:\java\software\git\Git\usr\bin\vendor_perl;F:\java\software\git\Git\usr\bin\core_perl;."/>
    <property name="java.vm.info" value="mixed mode, sharing"/>
    <property name="java.vendor" value="Azul Systems, Inc."/>
    <property name="java.vm.version" value="17.0.9+8-LTS"/>
    <property name="sun.io.unicode.encoding" value="UnicodeLittle"/>
    <property name="java.class.version" value="61.0"/>
  </properties>
  <testcase name="shouldAnswerWithTrue" classname="com.vtxlab.AppTest" time="0.002"/>
</testsuite>